AH00558: apache2: Could not reliably determine the server's fully qualified domain name, using 172.20.0.3. Set the 'ServerName' directive globally to suppress this message
[Sun Mar 15 15:44:02.800397 2020] [mpm_prefork:notice] [pid 1] AH00163: Apache/2.4.25 (Debian) PHP/7.3.15 configured -- resuming normal operations
[Sun Mar 15 15:44:02.800674 2020] [core:notice] [pid 1] AH00094: Command line: 'apache2 -D FOREGROUND'
[Sun Mar 15 15:47:20.490613 2020] [mpm_prefork:notice] [pid 1] AH00170: caught SIGWINCH, shutting down gracefully
AH00558: apache2: Could not reliably determine the server's fully qualified domain name, using 172.20.0.3. Set the 'ServerName' directive globally to suppress this message
[Sun Mar 15 15:47:25.037055 2020] [mpm_prefork:notice] [pid 1] AH00163: Apache/2.4.25 (Debian) PHP/7.3.15 configured -- resuming normal operations
[Sun Mar 15 15:47:25.037384 2020] [core:notice] [pid 1] AH00094: Command line: 'apache2 -D FOREGROUND'
[Sun Mar 15 15:53:20.493190 2020] [mpm_prefork:notice] [pid 1] AH00170: caught SIGWINCH, shutting down gracefully
AH00558: apache2: Could not reliably determine the server's fully qualified domain name, using 172.21.0.3. Set the 'ServerName' directive globally to suppress this message
[Sun Mar 15 15:53:30.666853 2020] [mpm_prefork:notice] [pid 1] AH00163: Apache/2.4.25 (Debian) PHP/7.3.15 configured -- resuming normal operations
[Sun Mar 15 15:53:30.667110 2020] [core:notice] [pid 1] AH00094: Command line: 'apache2 -D FOREGROUND'
[Sun Mar 15 15:57:04.242095 2020] [mpm_prefork:notice] [pid 1] AH00170: caught SIGWINCH, shutting down gracefully
AH00112: Warning: DocumentRoot [/var/www/html/test/public] does not exist
AH00558: apache2: Could not reliably determine the server's fully qualified domain name, using 172.21.0.3. Set the 'ServerName' directive globally to suppress this message
[Sun Mar 15 15:57:08.748496 2020] [mpm_prefork:notice] [pid 1] AH00163: Apache/2.4.25 (Debian) PHP/7.3.15 configured -- resuming normal operations
[Sun Mar 15 15:57:08.748711 2020] [core:notice] [pid 1] AH00094: Command line: 'apache2 -D FOREGROUND'
[Sun Mar 15 16:24:09.500300 2020] [mpm_prefork:notice] [pid 1] AH00169: caught SIGTERM, shutting down
AH00558: apache2: Could not reliably determine the server's fully qualified domain name, using 172.18.0.3. Set the 'ServerName' directive globally to suppress this message
[Sun Mar 15 16:44:25.850189 2020] [mpm_prefork:notice] [pid 1] AH00163: Apache/2.4.25 (Debian) PHP/7.3.15 configured -- resuming normal operations
[Sun Mar 15 16:44:25.850750 2020] [core:notice] [pid 1] AH00094: Command line: 'apache2 -D FOREGROUND'
[Sun Mar 15 17:06:40.190773 2020] [core:notice] [pid 1] AH00052: child pid 34 exit signal Interrupt (2)
[Sun Mar 15 17:40:05.686162 2020] [mpm_prefork:notice] [pid 1] AH00170: caught SIGWINCH, shutting down gracefully
AH00112: Warning: DocumentRoot [/var/www/html/test/public] does not exist
AH00558: apache2: Could not reliably determine the server's fully qualified domain name, using 172.18.0.3. Set the 'ServerName' directive globally to suppress this message
[Sun Mar 15 17:40:18.253150 2020] [mpm_prefork:notice] [pid 1] AH00163: Apache/2.4.25 (Debian) PHP/7.3.15 configured -- resuming normal operations
[Sun Mar 15 17:40:18.253621 2020] [core:notice] [pid 1] AH00094: Command line: 'apache2 -D FOREGROUND'
[Sun Mar 15 18:12:09.316204 2020] [mpm_prefork:notice] [pid 1] AH00170: caught SIGWINCH, shutting down gracefully
AH00558: apache2: Could not reliably determine the server's fully qualified domain name, using 172.18.0.3. Set the 'ServerName' directive globally to suppress this message
[Sun Mar 15 18:22:11.693307 2020] [mpm_prefork:notice] [pid 1] AH00163: Apache/2.4.25 (Debian) PHP/7.2.28 configured -- resuming normal operations
[Sun Mar 15 18:22:11.693622 2020] [core:notice] [pid 1] AH00094: Command line: 'apache2 -D FOREGROUND'
[Sun Mar 15 22:29:43.537595 2020] [mpm_prefork:notice] [pid 1] AH00170: caught SIGWINCH, shutting down gracefully
